\BOOKMARK [0][-]{chapter.1}{\376\377\0001\000\040\000o\000r\000g\000a\000r\000q\000u\000i\000v\000o\000s\000-\000t\000r\000a\000b\000a\000l\000h\000o\000s}{}% 1
\BOOKMARK [0][-]{chapter.2}{\376\377\0002\000\040\000\315\000n\000d\000i\000c\000e\000\040\000d\000a\000s\000\040\000E\000s\000t\000r\000u\000t\000u\000r\000a\000s\000\040\000d\000e\000\040\000D\000a\000d\000o\000s}{}% 2
\BOOKMARK [1][-]{section.2.1}{\376\377\0002\000.\0001\000\040\000E\000s\000t\000r\000u\000t\000u\000r\000a\000s\000\040\000d\000e\000\040\000D\000a\000d\000o\000s}{chapter.2}% 3
\BOOKMARK [0][-]{chapter.3}{\376\377\0003\000\040\000\315\000n\000d\000i\000c\000e\000\040\000d\000o\000s\000\040\000A\000r\000q\000u\000i\000v\000o\000s}{}% 4
\BOOKMARK [1][-]{section.3.1}{\376\377\0003\000.\0001\000\040\000L\000i\000s\000t\000a\000\040\000d\000e\000\040\000A\000r\000q\000u\000i\000v\000o\000s}{chapter.3}% 5
\BOOKMARK [0][-]{chapter.4}{\376\377\0004\000\040\000E\000s\000t\000r\000u\000t\000u\000r\000a\000s}{}% 6
\BOOKMARK [1][-]{section.4.1}{\376\377\0004\000.\0001\000\040\000R\000e\000f\000e\000r\000\352\000n\000c\000i\000a\000\040\000d\000a\000\040\000E\000s\000t\000r\000u\000t\000u\000r\000a\000\040\000\137\000j\000o\000g\000a\000d\000o\000r}{chapter.4}% 7
\BOOKMARK [2][-]{subsection.4.1.1}{\376\377\0004\000.\0001\000.\0001\000\040\000D\000e\000s\000c\000r\000i\000\347\000\343\000o\000\040\000d\000e\000t\000a\000l\000h\000a\000d\000a}{section.4.1}% 8
\BOOKMARK [2][-]{subsection.4.1.2}{\376\377\0004\000.\0001\000.\0002\000\040\000C\000a\000m\000p\000o\000s}{section.4.1}% 9
\BOOKMARK [3][-]{subsubsection.4.1.2.1}{\376\377\0004\000.\0001\000.\0002\000.\0001\000\040\000i\000d}{subsection.4.1.2}% 10
\BOOKMARK [3][-]{subsubsection.4.1.2.2}{\376\377\0004\000.\0001\000.\0002\000.\0002\000\040\000i\000d\000a\000d\000e}{subsection.4.1.2}% 11
\BOOKMARK [3][-]{subsubsection.4.1.2.3}{\376\377\0004\000.\0001\000.\0002\000.\0003\000\040\000n\000o\000m\000e}{subsection.4.1.2}% 12
\BOOKMARK [3][-]{subsubsection.4.1.2.4}{\376\377\0004\000.\0001\000.\0002\000.\0004\000\040\000n\000a\000c}{subsection.4.1.2}% 13
\BOOKMARK [3][-]{subsubsection.4.1.2.5}{\376\377\0004\000.\0001\000.\0002\000.\0005\000\040\000c\000l\000u\000b\000e}{subsection.4.1.2}% 14
\BOOKMARK [0][-]{chapter.5}{\376\377\0005\000\040\000A\000r\000q\000u\000i\000v\000o\000s}{}% 15
\BOOKMARK [1][-]{section.5.1}{\376\377\0005\000.\0001\000\040\000R\000e\000f\000e\000r\000\352\000n\000c\000i\000a\000\040\000d\000o\000\040\000A\000r\000q\000u\000i\000v\000o\000\040\000c\000a\000b\000e\000c\000a\000l\000h\000o\000-\000u\000t\000i\000l\000s\000.\000c}{chapter.5}% 16
\BOOKMARK [2][-]{subsection.5.1.1}{\376\377\0005\000.\0001\000.\0001\000\040\000D\000e\000s\000c\000r\000i\000\347\000\343\000o\000\040\000d\000e\000t\000a\000l\000h\000a\000d\000a}{section.5.1}% 17
\BOOKMARK [2][-]{subsection.5.1.2}{\376\377\0005\000.\0001\000.\0002\000\040\000F\000u\000n\000\347\000\365\000e\000s}{section.5.1}% 18
\BOOKMARK [3][-]{subsubsection.5.1.2.1}{\376\377\0005\000.\0001\000.\0002\000.\0001\000\040\000i\000n\000i\000t\000i\000a\000l\000i\000z\000e\000\137\000c\000a\000b\000e\000c\000a\000l\000h\000o\000\050\000\051}{subsection.5.1.2}% 19
\BOOKMARK [3][-]{subsubsection.5.1.2.2}{\376\377\0005\000.\0001\000.\0002\000.\0002\000\040\000c\000h\000e\000c\000k\000\137\000s\000t\000a\000t\000u\000s\000\050\000\051}{subsection.5.1.2}% 20
\BOOKMARK [1][-]{section.5.2}{\376\377\0005\000.\0002\000\040\000R\000e\000f\000e\000r\000\352\000n\000c\000i\000a\000\040\000d\000o\000\040\000A\000r\000q\000u\000i\000v\000o\000\040\000c\000a\000b\000e\000c\000a\000l\000h\000o\000-\000u\000t\000i\000l\000s\000.\000h}{chapter.5}% 21
\BOOKMARK [2][-]{subsection.5.2.1}{\376\377\0005\000.\0002\000.\0001\000\040\000D\000e\000s\000c\000r\000i\000\347\000\343\000o\000\040\000d\000e\000t\000a\000l\000h\000a\000d\000a}{section.5.2}% 22
\BOOKMARK [2][-]{subsection.5.2.2}{\376\377\0005\000.\0002\000.\0002\000\040\000F\000u\000n\000\347\000\365\000e\000s}{section.5.2}% 23
\BOOKMARK [3][-]{subsubsection.5.2.2.1}{\376\377\0005\000.\0002\000.\0002\000.\0001\000\040\000i\000n\000i\000t\000i\000a\000l\000i\000z\000e\000\137\000c\000a\000b\000e\000c\000a\000l\000h\000o\000\050\000\051}{subsection.5.2.2}% 24
\BOOKMARK [3][-]{subsubsection.5.2.2.2}{\376\377\0005\000.\0002\000.\0002\000.\0002\000\040\000c\000h\000e\000c\000k\000\137\000s\000t\000a\000t\000u\000s\000\050\000\051}{subsection.5.2.2}% 25
\BOOKMARK [1][-]{section.5.3}{\376\377\0005\000.\0003\000\040\000c\000a\000b\000e\000c\000a\000l\000h\000o\000-\000u\000t\000i\000l\000s\000.\000h}{chapter.5}% 26
\BOOKMARK [1][-]{section.5.4}{\376\377\0005\000.\0004\000\040\000R\000e\000f\000e\000r\000\352\000n\000c\000i\000a\000\040\000d\000o\000\040\000A\000r\000q\000u\000i\000v\000o\000\040\000c\000a\000m\000p\000o\000-\000u\000t\000i\000l\000s\000.\000c}{chapter.5}% 27
\BOOKMARK [2][-]{subsection.5.4.1}{\376\377\0005\000.\0004\000.\0001\000\040\000D\000e\000s\000c\000r\000i\000\347\000\343\000o\000\040\000d\000e\000t\000a\000l\000h\000a\000d\000a}{section.5.4}% 28
\BOOKMARK [2][-]{subsection.5.4.2}{\376\377\0005\000.\0004\000.\0002\000\040\000F\000u\000n\000\347\000\365\000e\000s}{section.5.4}% 29
\BOOKMARK [3][-]{subsubsection.5.4.2.1}{\376\377\0005\000.\0004\000.\0002\000.\0001\000\040\000s\000e\000t\000\137\000c\000a\000m\000p\000o\000c\000\050\000\051}{subsection.5.4.2}% 30
\BOOKMARK [3][-]{subsubsection.5.4.2.2}{\376\377\0005\000.\0004\000.\0002\000.\0002\000\040\000s\000e\000t\000\137\000c\000a\000m\000p\000o\0003\0002\000\050\000\051}{subsection.5.4.2}% 31
\BOOKMARK [3][-]{subsubsection.5.4.2.3}{\376\377\0005\000.\0004\000.\0002\000.\0003\000\040\000s\000e\000t\000\137\000c\000a\000m\000p\000o\0006\0004\000\050\000\051}{subsection.5.4.2}% 32
\BOOKMARK [3][-]{subsubsection.5.4.2.4}{\376\377\0005\000.\0004\000.\0002\000.\0004\000\040\000s\000e\000t\000\137\000c\000a\000m\000p\000o\000\137\000s\000t\000r\000\050\000\051}{subsection.5.4.2}% 33
\BOOKMARK [1][-]{section.5.5}{\376\377\0005\000.\0005\000\040\000R\000e\000f\000e\000r\000\352\000n\000c\000i\000a\000\040\000d\000o\000\040\000A\000r\000q\000u\000i\000v\000o\000\040\000c\000a\000m\000p\000o\000-\000u\000t\000i\000l\000s\000.\000h}{chapter.5}% 34
\BOOKMARK [2][-]{subsection.5.5.1}{\376\377\0005\000.\0005\000.\0001\000\040\000D\000e\000s\000c\000r\000i\000\347\000\343\000o\000\040\000d\000e\000t\000a\000l\000h\000a\000d\000a}{section.5.5}% 35
\BOOKMARK [2][-]{subsection.5.5.2}{\376\377\0005\000.\0005\000.\0002\000\040\000D\000e\000f\000i\000n\000i\000\347\000\365\000e\000s\000\040\000e\000\040\000m\000a\000c\000r\000o\000s}{section.5.5}% 36
\BOOKMARK [3][-]{subsubsection.5.5.2.1}{\376\377\0005\000.\0005\000.\0002\000.\0001\000\040\000B\000U\000F\000F\000E\000R\000\137\000S\000I\000Z\000E}{subsection.5.5.2}% 37
\BOOKMARK [3][-]{subsubsection.5.5.2.2}{\376\377\0005\000.\0005\000.\0002\000.\0002\000\040\000S\000T\000A\000T\000I\000C\000\137\000R\000E\000G\000\137\000E\000N\000D\000\137\000O\000F\000F\000S\000E\000T}{subsection.5.5.2}% 38
\BOOKMARK [2][-]{subsection.5.5.3}{\376\377\0005\000.\0005\000.\0003\000\040\000F\000u\000n\000\347\000\365\000e\000s}{section.5.5}% 39
\BOOKMARK [3][-]{subsubsection.5.5.3.1}{\376\377\0005\000.\0005\000.\0003\000.\0001\000\040\000s\000e\000t\000\137\000c\000a\000m\000p\000o\000c\000\050\000\051}{subsection.5.5.3}% 40
\BOOKMARK [3][-]{subsubsection.5.5.3.2}{\376\377\0005\000.\0005\000.\0003\000.\0002\000\040\000s\000e\000t\000\137\000c\000a\000m\000p\000o\0003\0002\000\050\000\051}{subsection.5.5.3}% 41
\BOOKMARK [3][-]{subsubsection.5.5.3.3}{\376\377\0005\000.\0005\000.\0003\000.\0003\000\040\000s\000e\000t\000\137\000c\000a\000m\000p\000o\0006\0004\000\050\000\051}{subsection.5.5.3}% 42
\BOOKMARK [3][-]{subsubsection.5.5.3.4}{\376\377\0005\000.\0005\000.\0003\000.\0004\000\040\000s\000e\000t\000\137\000c\000a\000m\000p\000o\000\137\000s\000t\000r\000\050\000\051}{subsection.5.5.3}% 43
\BOOKMARK [1][-]{section.5.6}{\376\377\0005\000.\0006\000\040\000c\000a\000m\000p\000o\000-\000u\000t\000i\000l\000s\000.\000h}{chapter.5}% 44
\BOOKMARK [1][-]{section.5.7}{\376\377\0005\000.\0007\000\040\000R\000e\000f\000e\000r\000\352\000n\000c\000i\000a\000\040\000d\000o\000\040\000A\000r\000q\000u\000i\000v\000o\000\040\000c\000r\000e\000a\000t\000e\000-\000d\000a\000t\000a\000-\000f\000i\000l\000e\000.\000c}{chapter.5}% 45
\BOOKMARK [2][-]{subsection.5.7.1}{\376\377\0005\000.\0007\000.\0001\000\040\000D\000e\000s\000c\000r\000i\000\347\000\343\000o\000\040\000d\000e\000t\000a\000l\000h\000a\000d\000a}{section.5.7}% 46
\BOOKMARK [2][-]{subsection.5.7.2}{\376\377\0005\000.\0007\000.\0002\000\040\000D\000e\000f\000i\000n\000i\000\347\000\365\000e\000s\000\040\000e\000\040\000m\000a\000c\000r\000o\000s}{section.5.7}% 47
\BOOKMARK [3][-]{subsubsection.5.7.2.1}{\376\377\0005\000.\0007\000.\0002\000.\0001\000\040\000T\000R\000I\000M\000\137\000N\000E\000W\000L\000I\000N\000E}{subsection.5.7.2}% 48
\BOOKMARK [2][-]{subsection.5.7.3}{\376\377\0005\000.\0007\000.\0003\000\040\000F\000u\000n\000\347\000\365\000e\000s}{section.5.7}% 49
\BOOKMARK [3][-]{subsubsection.5.7.3.1}{\376\377\0005\000.\0007\000.\0003\000.\0001\000\040\000g\000e\000t\000\137\000t\000o\000k\000e\000n\000\137\000s\000t\000r\000\050\000\051}{subsection.5.7.3}% 50
\BOOKMARK [3][-]{subsubsection.5.7.3.2}{\376\377\0005\000.\0007\000.\0003\000.\0002\000\040\000p\000r\000o\000c\000e\000s\000s\000\137\000j\000o\000g\000a\000d\000o\000r\000\050\000\051}{subsection.5.7.3}% 51
\BOOKMARK [3][-]{subsubsection.5.7.3.3}{\376\377\0005\000.\0007\000.\0003\000.\0003\000\040\000a\000d\000d\000\137\000r\000e\000g\000\137\000b\000f\000i\000l\000e\000\050\000\051}{subsection.5.7.3}% 52
\BOOKMARK [3][-]{subsubsection.5.7.3.4}{\376\377\0005\000.\0007\000.\0003\000.\0004\000\040\000c\000r\000e\000a\000t\000e\000\137\000d\000a\000t\000a\000\137\000f\000i\000l\000e\000\137\000f\000r\000o\000m\000\137\000c\000s\000v\000\050\000\051}{subsection.5.7.3}% 53
\BOOKMARK [1][-]{section.5.8}{\376\377\0005\000.\0008\000\040\000R\000e\000f\000e\000r\000\352\000n\000c\000i\000a\000\040\000d\000o\000\040\000A\000r\000q\000u\000i\000v\000o\000\040\000d\000a\000t\000a\000-\000f\000i\000l\000e\000-\000u\000t\000i\000l\000s\000.\000c}{chapter.5}% 54
\BOOKMARK [2][-]{subsection.5.8.1}{\376\377\0005\000.\0008\000.\0001\000\040\000D\000e\000s\000c\000r\000i\000\347\000\343\000o\000\040\000d\000e\000t\000a\000l\000h\000a\000d\000a}{section.5.8}% 55
\BOOKMARK [2][-]{subsection.5.8.2}{\376\377\0005\000.\0008\000.\0002\000\040\000F\000u\000n\000\347\000\365\000e\000s}{section.5.8}% 56
\BOOKMARK [3][-]{subsubsection.5.8.2.1}{\376\377\0005\000.\0008\000.\0002\000.\0001\000\040\000f\000r\000e\000e\000\137\000j\000o\000g\000a\000d\000o\000r\000\050\000\051}{subsection.5.8.2}% 57
\BOOKMARK [3][-]{subsubsection.5.8.2.2}{\376\377\0005\000.\0008\000.\0002\000.\0002\000\040\000p\000r\000i\000n\000t\000\137\000j\000o\000g\000a\000d\000o\000r\000\050\000\051}{subsection.5.8.2}% 58
\BOOKMARK [3][-]{subsubsection.5.8.2.3}{\376\377\0005\000.\0008\000.\0002\000.\0003\000\040\000r\000e\000a\000d\000\137\000j\000o\000g\000a\000d\000o\000r\000\137\000d\000a\000t\000a\000\050\000\051}{subsection.5.8.2}% 59
\BOOKMARK [1][-]{section.5.9}{\376\377\0005\000.\0009\000\040\000R\000e\000f\000e\000r\000\352\000n\000c\000i\000a\000\040\000d\000o\000\040\000A\000r\000q\000u\000i\000v\000o\000\040\000d\000a\000t\000a\000-\000f\000i\000l\000e\000.\000h}{chapter.5}% 60
\BOOKMARK [2][-]{subsection.5.9.1}{\376\377\0005\000.\0009\000.\0001\000\040\000D\000e\000s\000c\000r\000i\000\347\000\343\000o\000\040\000d\000e\000t\000a\000l\000h\000a\000d\000a}{section.5.9}% 61
\BOOKMARK [2][-]{subsection.5.9.2}{\376\377\0005\000.\0009\000.\0002\000\040\000D\000e\000f\000i\000n\000i\000\347\000\365\000e\000s\000\040\000e\000\040\000m\000a\000c\000r\000o\000s}{section.5.9}% 62
\BOOKMARK [3][-]{subsubsection.5.9.2.1}{\376\377\0005\000.\0009\000.\0002\000.\0001\000\040\000C\000O\000L\000U\000M\000N\000\137\000N\000A\000M\000E\000S}{subsection.5.9.2}% 63
\BOOKMARK [2][-]{subsection.5.9.3}{\376\377\0005\000.\0009\000.\0003\000\040\000F\000u\000n\000\347\000\365\000e\000s}{section.5.9}% 64
\BOOKMARK [3][-]{subsubsection.5.9.3.1}{\376\377\0005\000.\0009\000.\0003\000.\0001\000\040\000f\000r\000e\000e\000\137\000j\000o\000g\000a\000d\000o\000r\000\050\000\051}{subsection.5.9.3}% 65
\BOOKMARK [3][-]{subsubsection.5.9.3.2}{\376\377\0005\000.\0009\000.\0003\000.\0002\000\040\000p\000r\000i\000n\000t\000\137\000j\000o\000g\000a\000d\000o\000r\000\050\000\051}{subsection.5.9.3}% 66
\BOOKMARK [3][-]{subsubsection.5.9.3.3}{\376\377\0005\000.\0009\000.\0003\000.\0003\000\040\000r\000e\000a\000d\000\137\000j\000o\000g\000a\000d\000o\000r\000\137\000d\000a\000t\000a\000\050\000\051}{subsection.5.9.3}% 67
\BOOKMARK [3][-]{subsubsection.5.9.3.4}{\376\377\0005\000.\0009\000.\0003\000.\0004\000\040\000c\000r\000e\000a\000t\000e\000\137\000d\000a\000t\000a\000\137\000f\000i\000l\000e\000\137\000f\000r\000o\000m\000\137\000c\000s\000v\000\050\000\051}{subsection.5.9.3}% 68
\BOOKMARK [3][-]{subsubsection.5.9.3.5}{\376\377\0005\000.\0009\000.\0003\000.\0005\000\040\000s\000e\000l\000e\000c\000t\000\137\000d\000a\000t\000a\000\137\000f\000i\000l\000e\000\050\000\051}{subsection.5.9.3}% 69
\BOOKMARK [3][-]{subsubsection.5.9.3.6}{\376\377\0005\000.\0009\000.\0003\000.\0006\000\040\000f\000i\000l\000t\000e\000r\000\137\000d\000a\000t\000a\000\137\000f\000i\000l\000e\000\050\000\051}{subsection.5.9.3}% 70
\BOOKMARK [1][-]{section.5.10}{\376\377\0005\000.\0001\0000\000\040\000d\000a\000t\000a\000-\000f\000i\000l\000e\000.\000h}{chapter.5}% 71
\BOOKMARK [1][-]{section.5.11}{\376\377\0005\000.\0001\0001\000\040\000R\000e\000f\000e\000r\000\352\000n\000c\000i\000a\000\040\000d\000o\000\040\000A\000r\000q\000u\000i\000v\000o\000\040\000f\000u\000n\000c\000o\000e\000s\000\137\000f\000o\000r\000n\000e\000c\000i\000d\000a\000s\000.\000c}{chapter.5}% 72
\BOOKMARK [2][-]{subsection.5.11.1}{\376\377\0005\000.\0001\0001\000.\0001\000\040\000D\000e\000s\000c\000r\000i\000\347\000\343\000o\000\040\000d\000e\000t\000a\000l\000h\000a\000d\000a}{section.5.11}% 73
\BOOKMARK [2][-]{subsection.5.11.2}{\376\377\0005\000.\0001\0001\000.\0002\000\040\000F\000u\000n\000\347\000\365\000e\000s}{section.5.11}% 74
\BOOKMARK [3][-]{subsubsection.5.11.2.1}{\376\377\0005\000.\0001\0001\000.\0002\000.\0001\000\040\000b\000i\000n\000a\000r\000i\000o\000N\000a\000T\000e\000l\000a\000\050\000\051}{subsection.5.11.2}% 75
\BOOKMARK [1][-]{section.5.12}{\376\377\0005\000.\0001\0002\000\040\000R\000e\000f\000e\000r\000\352\000n\000c\000i\000a\000\040\000d\000o\000\040\000A\000r\000q\000u\000i\000v\000o\000\040\000f\000u\000n\000c\000o\000e\000s\000\137\000f\000o\000r\000n\000e\000c\000i\000d\000a\000s\000.\000h}{chapter.5}% 76
\BOOKMARK [2][-]{subsection.5.12.1}{\376\377\0005\000.\0001\0002\000.\0001\000\040\000D\000e\000s\000c\000r\000i\000\347\000\343\000o\000\040\000d\000e\000t\000a\000l\000h\000a\000d\000a}{section.5.12}% 77
\BOOKMARK [2][-]{subsection.5.12.2}{\376\377\0005\000.\0001\0002\000.\0002\000\040\000F\000u\000n\000\347\000\365\000e\000s}{section.5.12}% 78
\BOOKMARK [3][-]{subsubsection.5.12.2.1}{\376\377\0005\000.\0001\0002\000.\0002\000.\0001\000\040\000b\000i\000n\000a\000r\000i\000o\000N\000a\000T\000e\000l\000a\000\050\000\051}{subsection.5.12.2}% 79
\BOOKMARK [1][-]{section.5.13}{\376\377\0005\000.\0001\0003\000\040\000f\000u\000n\000c\000o\000e\000s\000\137\000f\000o\000r\000n\000e\000c\000i\000d\000a\000s\000.\000h}{chapter.5}% 80
\BOOKMARK [0][-]{section*.58}{\376\377\000\315\000n\000d\000i\000c\000e\000\040\000R\000e\000m\000i\000s\000s\000i\000v\000o}{}% 81
